<?xml version="1.0" encoding="UTF-8"?>
<coverage generated="1770219833404" clover="3.2.0">
  <project timestamp="1770219833405" name="All files">
    <metrics statements="19" coveredstatements="19" conditionals="17" coveredconditionals="17" methods="13" coveredmethods="13" elements="49" coveredelements="49" complexity="0" loc="19" ncloc="19" packages="2" files="4" classes="4"/>
    <package name="src">
      <metrics statements="10" coveredstatements="10" conditionals="0" coveredconditionals="0" methods="8" coveredmethods="8"/>
      <file name="App.css" path="E:\Wok\Y3T2\Fullstack\form-hw\src\App.css">
        <metrics statements="0" coveredstatements="0" conditionals="0" coveredconditionals="0" methods="0" coveredmethods="0"/>
      </file>
      <file name="App.tsx" path="E:\Wok\Y3T2\Fullstack\form-hw\src\App.tsx">
        <metrics statements="10" coveredstatements="10" conditionals="0" coveredconditionals="0" methods="8" coveredmethods="8"/>
        <line num="9" count="21" type="stmt"/>
        <line num="10" count="21" type="stmt"/>
        <line num="12" count="21" type="stmt"/>
        <line num="17" count="7" type="stmt"/>
        <line num="24" count="7" type="stmt"/>
        <line num="25" count="5" type="stmt"/>
        <line num="26" count="8" type="stmt"/>
        <line num="35" count="3" type="stmt"/>
        <line num="36" count="2" type="stmt"/>
        <line num="37" count="3" type="stmt"/>
      </file>
    </package>
    <package name="src.components">
      <metrics statements="9" coveredstatements="9" conditionals="17" coveredconditionals="17" methods="5" coveredmethods="5"/>
      <file name="form-result.tsx" path="E:\Wok\Y3T2\Fullstack\form-hw\src\components\form-result.tsx">
        <metrics statements="4" coveredstatements="4" conditionals="5" coveredconditionals="5" methods="3" coveredmethods="3"/>
        <line num="10" count="2" type="stmt"/>
        <line num="11" count="54" type="stmt"/>
        <line num="18" count="34" type="stmt"/>
        <line num="33" count="9" type="stmt"/>
      </file>
      <file name="form.tsx" path="E:\Wok\Y3T2\Fullstack\form-hw\src\components\form.tsx">
        <metrics statements="5" coveredstatements="5" conditionals="12" coveredconditionals="12" methods="2" coveredmethods="2"/>
        <line num="10" count="2" type="stmt"/>
        <line num="11" count="84" type="stmt"/>
        <line num="25" count="8" type="stmt"/>
        <line num="32" count="8" type="stmt"/>
        <line num="37" count="84" type="stmt"/>
      </file>
    </package>
  </project>
</coverage>
