{"/home/bob/Desktop/Code/Fullstack/form-hw/src/App.css": {"path":"/home/bob/Desktop/Code/Fullstack/form-hw/src/App.css","statementMap":{},"fnMap":{},"branchMap":{},"s":{},"f":{},"b":{},"meta":{"lastBranch":0,"lastFunction":0,"lastStatement":0,"seen":{}}}
,"/home/bob/Desktop/Code/Fullstack/form-hw/src/App.tsx": {"path":"/home/bob/Desktop/Code/Fullstack/form-hw/src/App.tsx","statementMap":{"0":{"start":{"line":9,"column":42},"end":{"line":9,"column":null}},"1":{"start":{"line":10,"column":44},"end":{"line":10,"column":null}},"2":{"start":{"line":12,"column":2},"end":{"line":43,"column":null}},"3":{"start":{"line":17,"column":10},"end":{"line":17,"column":null}},"4":{"start":{"line":24,"column":30},"end":{"line":24,"column":null}},"5":{"start":{"line":24,"column":58},"end":{"line":24,"column":72}},"6":{"start":{"line":25,"column":10},"end":{"line":25,"column":null}},"7":{"start":{"line":26,"column":10},"end":{"line":26,"column":null}},"8":{"start":{"line":26,"column":58},"end":{"line":26,"column":72}},"9":{"start":{"line":35,"column":32},"end":{"line":35,"column":null}},"10":{"start":{"line":35,"column":61},"end":{"line":35,"column":75}},"11":{"start":{"line":36,"column":10},"end":{"line":36,"column":null}},"12":{"start":{"line":37,"column":10},"end":{"line":37,"column":null}},"13":{"start":{"line":37,"column":60},"end":{"line":37,"column":74}}},"fnMap":{"0":{"name":"App","decl":{"start":{"line":8,"column":9},"end":{"line":8,"column":15}},"loc":{"start":{"line":8,"column":15},"end":{"line":45,"column":null}},"line":8},"1":{"name":"(anonymous_1)","decl":{"start":{"line":16,"column":23},"end":{"line":16,"column":24}},"loc":{"start":{"line":16,"column":33},"end":{"line":18,"column":null}},"line":16},"2":{"name":"(anonymous_2)","decl":{"start":{"line":23,"column":19},"end":{"line":23,"column":20}},"loc":{"start":{"line":23,"column":27},"end":{"line":27,"column":null}},"line":23},"3":{"name":"(anonymous_3)","decl":{"start":{"line":24,"column":50},"end":{"line":24,"column":58}},"loc":{"start":{"line":24,"column":58},"end":{"line":24,"column":72}},"line":24},"4":{"name":"(anonymous_4)","decl":{"start":{"line":26,"column":50},"end":{"line":26,"column":58}},"loc":{"start":{"line":26,"column":58},"end":{"line":26,"column":72}},"line":26},"5":{"name":"(anonymous_5)","decl":{"start":{"line":34,"column":19},"end":{"line":34,"column":20}},"loc":{"start":{"line":34,"column":27},"end":{"line":38,"column":null}},"line":34},"6":{"name":"(anonymous_6)","decl":{"start":{"line":35,"column":53},"end":{"line":35,"column":61}},"loc":{"start":{"line":35,"column":61},"end":{"line":35,"column":75}},"line":35},"7":{"name":"(anonymous_7)","decl":{"start":{"line":37,"column":52},"end":{"line":37,"column":60}},"loc":{"start":{"line":37,"column":60},"end":{"line":37,"column":74}},"line":37}},"branchMap":{},"s":{"0":21,"1":21,"2":21,"3":7,"4":5,"5":7,"6":5,"7":5,"8":8,"9":2,"10":3,"11":2,"12":2,"13":3},"f":{"0":21,"1":7,"2":5,"3":7,"4":8,"5":2,"6":3,"7":3},"b":{},"meta":{"lastBranch":0,"lastFunction":8,"lastStatement":14,"seen":{"f:8:9:8:15":0,"s:9:42:9:Infinity":0,"s:10:44:10:Infinity":1,"s:12:2:43:Infinity":2,"f:16:23:16:24":1,"s:17:10:17:Infinity":3,"f:23:19:23:20":2,"s:24:30:24:Infinity":4,"f:24:50:24:58":3,"s:24:58:24:72":5,"s:25:10:25:Infinity":6,"s:26:10:26:Infinity":7,"f:26:50:26:58":4,"s:26:58:26:72":8,"f:34:19:34:20":5,"s:35:32:35:Infinity":9,"f:35:53:35:61":6,"s:35:61:35:75":10,"s:36:10:36:Infinity":11,"s:37:10:37:Infinity":12,"f:37:52:37:60":7,"s:37:60:37:74":13}}}
,"/home/bob/Desktop/Code/Fullstack/form-hw/src/components/form-result.tsx": {"path":"/home/bob/Desktop/Code/Fullstack/form-hw/src/components/form-result.tsx","statementMap":{"0":{"start":{"line":10,"column":27},"end":{"line":40,"column":null}},"1":{"start":{"line":11,"column":4},"end":{"line":38,"column":null}},"2":{"start":{"line":18,"column":12},"end":{"line":36,"column":null}},"3":{"start":{"line":33,"column":24},"end":{"line":33,"column":null}}},"fnMap":{"0":{"name":"(anonymous_0)","decl":{"start":{"line":10,"column":27},"end":{"line":10,"column":28}},"loc":{"start":{"line":10,"column":86},"end":{"line":40,"column":null}},"line":10},"1":{"name":"(anonymous_1)","decl":{"start":{"line":17,"column":22},"end":{"line":17,"column":23}},"loc":{"start":{"line":18,"column":12},"end":{"line":36,"column":null}},"line":18},"2":{"name":"(anonymous_2)","decl":{"start":{"line":32,"column":30},"end":{"line":32,"column":36}},"loc":{"start":{"line":32,"column":36},"end":{"line":34,"column":null}},"line":32}},"branchMap":{"0":{"loc":{"start":{"line":14,"column":9},"end":{"line":15,"column":null}},"type":"binary-expr","locations":[{"start":{"line":14,"column":9},"end":{"line":14,"column":null}},{"start":{"line":15,"column":12},"end":{"line":15,"column":null}}],"line":14},"1":{"loc":{"start":{"line":28,"column":18},"end":{"line":35,"column":null}},"type":"binary-expr","locations":[{"start":{"line":28,"column":18},"end":{"line":28,"column":30}},{"start":{"line":28,"column":30},"end":{"line":28,"column":null}},{"start":{"line":29,"column":20},"end":{"line":35,"column":null}}],"line":28}},"s":{"0":2,"1":54,"2":34,"3":9},"f":{"0":54,"1":34,"2":9},"b":{"0":[54,28],"1":[34,32,32]},"meta":{"lastBranch":2,"lastFunction":3,"lastStatement":4,"seen":{"s:10:27:40:Infinity":0,"f:10:27:10:28":0,"s:11:4:38:Infinity":1,"b:14:9:14:Infinity:15:12:15:Infinity":0,"f:17:22:17:23":1,"s:18:12:36:Infinity":2,"b:28:18:28:30:28:30:28:Infinity:29:20:35:Infinity":1,"f:32:30:32:36":2,"s:33:24:33:Infinity":3}}}
,"/home/bob/Desktop/Code/Fullstack/form-hw/src/components/form.tsx": {"path":"/home/bob/Desktop/Code/Fullstack/form-hw/src/components/form.tsx","statementMap":{"0":{"start":{"line":10,"column":25},"end":{"line":102,"column":null}},"1":{"start":{"line":11,"column":10},"end":{"line":35,"column":null}},"2":{"start":{"line":25,"column":12},"end":{"line":31,"column":null}},"3":{"start":{"line":32,"column":12},"end":{"line":32,"column":null}},"4":{"start":{"line":37,"column":4},"end":{"line":101,"column":null}}},"fnMap":{"0":{"name":"(anonymous_0)","decl":{"start":{"line":10,"column":25},"end":{"line":10,"column":26}},"loc":{"start":{"line":10,"column":57},"end":{"line":102,"column":null}},"line":10},"1":{"name":"(anonymous_1)","decl":{"start":{"line":24,"column":18},"end":{"line":24,"column":19}},"loc":{"start":{"line":24,"column":30},"end":{"line":34,"column":null}},"line":24}},"branchMap":{"0":{"loc":{"start":{"line":49,"column":13},"end":{"line":50,"column":null}},"type":"binary-expr","locations":[{"start":{"line":49,"column":13},"end":{"line":49,"column":null}},{"start":{"line":50,"column":16},"end":{"line":50,"column":null}}],"line":49},"1":{"loc":{"start":{"line":61,"column":13},"end":{"line":62,"column":null}},"type":"binary-expr","locations":[{"start":{"line":61,"column":13},"end":{"line":61,"column":null}},{"start":{"line":62,"column":16},"end":{"line":62,"column":null}}],"line":61},"2":{"loc":{"start":{"line":73,"column":13},"end":{"line":74,"column":null}},"type":"binary-expr","locations":[{"start":{"line":73,"column":13},"end":{"line":73,"column":null}},{"start":{"line":74,"column":16},"end":{"line":74,"column":null}}],"line":73},"3":{"loc":{"start":{"line":89,"column":13},"end":{"line":90,"column":null}},"type":"binary-expr","locations":[{"start":{"line":89,"column":13},"end":{"line":89,"column":null}},{"start":{"line":90,"column":16},"end":{"line":90,"column":null}}],"line":89},"4":{"loc":{"start":{"line":95,"column":26},"end":{"line":98,"column":null}},"type":"binary-expr","locations":[{"start":{"line":95,"column":26},"end":{"line":95,"column":null}},{"start":{"line":96,"column":26},"end":{"line":96,"column":null}},{"start":{"line":97,"column":26},"end":{"line":97,"column":null}},{"start":{"line":98,"column":26},"end":{"line":98,"column":null}}],"line":95}},"s":{"0":2,"1":84,"2":8,"3":8,"4":84},"f":{"0":84,"1":8},"b":{"0":[84,2],"1":[84,3],"2":[84,3],"3":[84,3],"4":[84,48,36,27]},"meta":{"lastBranch":5,"lastFunction":2,"lastStatement":5,"seen":{"s:10:25:102:Infinity":0,"f:10:25:10:26":0,"s:11:10:35:Infinity":1,"f:24:18:24:19":1,"s:25:12:31:Infinity":2,"s:32:12:32:Infinity":3,"s:37:4:101:Infinity":4,"b:49:13:49:Infinity:50:16:50:Infinity":0,"b:61:13:61:Infinity:62:16:62:Infinity":1,"b:73:13:73:Infinity:74:16:74:Infinity":2,"b:89:13:89:Infinity:90:16:90:Infinity":3,"b:95:26:95:Infinity:96:26:96:Infinity:97:26:97:Infinity:98:26:98:Infinity":4}}}
}
