{"/home/bob/Desktop/Code/Fullstack/form-hw/src/App.css": {"path":"/home/bob/Desktop/Code/Fullstack/form-hw/src/App.css","statementMap":{},"fnMap":{},"branchMap":{},"s":{},"f":{},"b":{},"meta":{"lastBranch":0,"lastFunction":0,"lastStatement":0,"seen":{}}}
,"/home/bob/Desktop/Code/Fullstack/form-hw/src/App.tsx": {"path":"/home/bob/Desktop/Code/Fullstack/form-hw/src/App.tsx","statementMap":{"0":{"start":{"line":9,"column":42},"end":{"line":9,"column":null}},"1":{"start":{"line":11,"column":2},"end":{"line":22,"column":null}},"2":{"start":{"line":16,"column":10},"end":{"line":16,"column":null}}},"fnMap":{"0":{"name":"App","decl":{"start":{"line":8,"column":9},"end":{"line":8,"column":15}},"loc":{"start":{"line":8,"column":15},"end":{"line":24,"column":null}},"line":8},"1":{"name":"(anonymous_1)","decl":{"start":{"line":15,"column":23},"end":{"line":15,"column":24}},"loc":{"start":{"line":15,"column":33},"end":{"line":17,"column":null}},"line":15}},"branchMap":{},"s":{"0":3,"1":3,"2":1},"f":{"0":3,"1":1},"b":{},"meta":{"lastBranch":0,"lastFunction":2,"lastStatement":3,"seen":{"f:8:9:8:15":0,"s:9:42:9:Infinity":0,"s:11:2:22:Infinity":1,"f:15:23:15:24":1,"s:16:10:16:Infinity":2}}}
,"/home/bob/Desktop/Code/Fullstack/form-hw/src/components/form-result.tsx": {"path":"/home/bob/Desktop/Code/Fullstack/form-hw/src/components/form-result.tsx","statementMap":{"0":{"start":{"line":7,"column":27},"end":{"line":26,"column":null}},"1":{"start":{"line":8,"column":4},"end":{"line":24,"column":null}},"2":{"start":{"line":15,"column":12},"end":{"line":22,"column":null}}},"fnMap":{"0":{"name":"(anonymous_0)","decl":{"start":{"line":7,"column":27},"end":{"line":7,"column":28}},"loc":{"start":{"line":7,"column":56},"end":{"line":26,"column":null}},"line":7},"1":{"name":"(anonymous_1)","decl":{"start":{"line":14,"column":22},"end":{"line":14,"column":23}},"loc":{"start":{"line":15,"column":12},"end":{"line":22,"column":null}},"line":15}},"branchMap":{"0":{"loc":{"start":{"line":11,"column":9},"end":{"line":12,"column":null}},"type":"binary-expr","locations":[{"start":{"line":11,"column":9},"end":{"line":11,"column":null}},{"start":{"line":12,"column":12},"end":{"line":12,"column":null}}],"line":11}},"s":{"0":2,"1":5,"2":3},"f":{"0":5,"1":3},"b":{"0":[5,3]},"meta":{"lastBranch":1,"lastFunction":2,"lastStatement":3,"seen":{"s:7:27:26:Infinity":0,"f:7:27:7:28":0,"s:8:4:24:Infinity":1,"b:11:9:11:Infinity:12:12:12:Infinity":0,"f:14:22:14:23":1,"s:15:12:22:Infinity":2}}}
,"/home/bob/Desktop/Code/Fullstack/form-hw/src/components/form.tsx": {"path":"/home/bob/Desktop/Code/Fullstack/form-hw/src/components/form.tsx","statementMap":{"0":{"start":{"line":10,"column":25},"end":{"line":102,"column":null}},"1":{"start":{"line":11,"column":10},"end":{"line":35,"column":null}},"2":{"start":{"line":25,"column":12},"end":{"line":31,"column":null}},"3":{"start":{"line":32,"column":12},"end":{"line":32,"column":null}},"4":{"start":{"line":37,"column":4},"end":{"line":101,"column":null}}},"fnMap":{"0":{"name":"(anonymous_0)","decl":{"start":{"line":10,"column":25},"end":{"line":10,"column":26}},"loc":{"start":{"line":10,"column":57},"end":{"line":102,"column":null}},"line":10},"1":{"name":"(anonymous_1)","decl":{"start":{"line":24,"column":18},"end":{"line":24,"column":19}},"loc":{"start":{"line":24,"column":30},"end":{"line":34,"column":null}},"line":24}},"branchMap":{"0":{"loc":{"start":{"line":49,"column":13},"end":{"line":50,"column":null}},"type":"binary-expr","locations":[{"start":{"line":49,"column":13},"end":{"line":49,"column":null}},{"start":{"line":50,"column":16},"end":{"line":50,"column":null}}],"line":49},"1":{"loc":{"start":{"line":61,"column":13},"end":{"line":62,"column":null}},"type":"binary-expr","locations":[{"start":{"line":61,"column":13},"end":{"line":61,"column":null}},{"start":{"line":62,"column":16},"end":{"line":62,"column":null}}],"line":61},"2":{"loc":{"start":{"line":73,"column":13},"end":{"line":74,"column":null}},"type":"binary-expr","locations":[{"start":{"line":73,"column":13},"end":{"line":73,"column":null}},{"start":{"line":74,"column":16},"end":{"line":74,"column":null}}],"line":73},"3":{"loc":{"start":{"line":89,"column":13},"end":{"line":90,"column":null}},"type":"binary-expr","locations":[{"start":{"line":89,"column":13},"end":{"line":89,"column":null}},{"start":{"line":90,"column":16},"end":{"line":90,"column":null}}],"line":89},"4":{"loc":{"start":{"line":95,"column":26},"end":{"line":98,"column":null}},"type":"binary-expr","locations":[{"start":{"line":95,"column":26},"end":{"line":95,"column":null}},{"start":{"line":96,"column":26},"end":{"line":96,"column":null}},{"start":{"line":97,"column":26},"end":{"line":97,"column":null}},{"start":{"line":98,"column":26},"end":{"line":98,"column":null}}],"line":95}},"s":{"0":2,"1":32,"2":2,"3":2,"4":32},"f":{"0":32,"1":2},"b":{"0":[32,1],"1":[32,2],"2":[32,2],"3":[32,2],"4":[32,18,12,9]},"meta":{"lastBranch":5,"lastFunction":2,"lastStatement":5,"seen":{"s:10:25:102:Infinity":0,"f:10:25:10:26":0,"s:11:10:35:Infinity":1,"f:24:18:24:19":1,"s:25:12:31:Infinity":2,"s:32:12:32:Infinity":3,"s:37:4:101:Infinity":4,"b:49:13:49:Infinity:50:16:50:Infinity":0,"b:61:13:61:Infinity:62:16:62:Infinity":1,"b:73:13:73:Infinity:74:16:74:Infinity":2,"b:89:13:89:Infinity:90:16:90:Infinity":3,"b:95:26:95:Infinity:96:26:96:Infinity:97:26:97:Infinity:98:26:98:Infinity":4}}}
}
